2022-08-05 15:41:37.253 [main] INFO  com.altis.Application - Starting Application on hk with PID 12045 (/Users/huangkun/workspace/autotest/AutoTest/ApiTstMyBatis/target/classes started by huangkun in /Users/huangkun/workspace/autotest/AutoTest/ApiTstMyBatis)
2022-08-05 15:41:37.258 [main] INFO  com.altis.Application - No active profile set, falling back to default profiles: default
2022-08-05 15:41:37.314 [main] INFO  o.s.boot.context.embedded.AnnotationConfigEmbeddedWebApplicationContext - Refreshing org.springframework.boot.context.embedded.AnnotationConfigEmbeddedWebApplicationContext@36bc55de: startup date [Fri Aug 05 15:41:37 CST 2022]; root of context hierarchy
2022-08-05 15:41:38.268 [main] WARN  org.mybatis.spring.mapper.ClassPathMapperScanner - No MyBatis mapper was found in '[com.altis]' package. Please check your configuration.
2022-08-05 15:41:38.702 [main] INFO  o.s.context.support.PostProcessorRegistrationDelegate$BeanPostProcessorChecker - Bean 'org.springframework.transaction.annotation.ProxyTransactionManagementConfiguration' of type [org.springframework.transaction.annotation.ProxyTransactionManagementConfiguration$$EnhancerBySpringCGLIB$$89a483b5] is not eligible for getting processed by all BeanPostProcessors (for example: not eligible for auto-proxying)
2022-08-05 15:41:39.011 [main] INFO  org.springframework.boot.context.embedded.tomcat.TomcatEmbeddedServletContainer - Tomcat initialized with port(s): 8880 (http)
2022-08-05 15:41:39.023 [main] INFO  org.apache.catalina.core.StandardService - Starting service Tomcat
2022-08-05 15:41:39.024 [main] INFO  org.apache.catalina.core.StandardEngine - Starting Servlet Engine: Apache Tomcat/8.5.14
2022-08-05 15:41:39.113 [localhost-startStop-1] INFO  org.apache.catalina.core.ContainerBase.[Tomcat].[localhost].[/] - Initializing Spring embedded WebApplicationContext
2022-08-05 15:41:39.113 [localhost-startStop-1] INFO  org.springframework.web.context.ContextLoader - Root WebApplicationContext: initialization completed in 1799 ms
2022-08-05 15:41:39.207 [localhost-startStop-1] INFO  org.springframework.boot.web.servlet.ServletRegistrationBean - Mapping servlet: 'dispatcherServlet' to [/]
2022-08-05 15:41:39.210 [localhost-startStop-1] INFO  org.springframework.boot.web.servlet.FilterRegistrationBean - Mapping filter: 'characterEncodingFilter' to: [/*]
2022-08-05 15:41:39.210 [localhost-startStop-1] INFO  org.springframework.boot.web.servlet.FilterRegistrationBean - Mapping filter: 'hiddenHttpMethodFilter' to: [/*]
2022-08-05 15:41:39.210 [localhost-startStop-1] INFO  org.springframework.boot.web.servlet.FilterRegistrationBean - Mapping filter: 'httpPutFormContentFilter' to: [/*]
2022-08-05 15:41:39.210 [localhost-startStop-1] INFO  org.springframework.boot.web.servlet.FilterRegistrationBean - Mapping filter: 'requestContextFilter' to: [/*]
2022-08-05 15:41:40.087 [main] INFO  o.springframework.web.servlet.mvc.method.annotation.RequestMappingHandlerMapping - Mapped "{[/v1/updateUserInfo],methods=[POST]}" onto public int com.altis.controller.UserManager.updateUser(javax.servlet.http.HttpServletRequest,com.altis.model.User)
2022-08-05 15:41:40.088 [main] INFO  o.springframework.web.servlet.mvc.method.annotation.RequestMappingHandlerMapping - Mapped "{[/v1/addUser],methods=[POST]}" onto public java.lang.Boolean com.altis.controller.UserManager.addUser(javax.servlet.http.HttpServletRequest,com.altis.model.User)
2022-08-05 15:41:40.088 [main] INFO  o.springframework.web.servlet.mvc.method.annotation.RequestMappingHandlerMapping - Mapped "{[/v1/login],methods=[POST]}" onto public java.lang.Boolean com.altis.controller.UserManager.login(javax.servlet.http.HttpServletResponse,com.altis.model.User)
2022-08-05 15:41:40.088 [main] INFO  o.springframework.web.servlet.mvc.method.annotation.RequestMappingHandlerMapping - Mapped "{[/v1/getUserInfo],methods=[POST]}" onto public java.util.List<com.altis.model.User> com.altis.controller.UserManager.getUserInfo(javax.servlet.http.HttpServletRequest,com.altis.model.User)
2022-08-05 15:41:40.089 [main] INFO  o.springframework.web.servlet.mvc.method.annotation.RequestMappingHandlerMapping - Mapped "{[/v2/api-docs],methods=[GET],produces=[application/json || application/hal+json]}" onto public org.springframework.http.ResponseEntity<springfox.documentation.spring.web.json.Json> springfox.documentation.swagger2.web.Swagger2Controller.getDocumentation(java.lang.String,javax.servlet.http.HttpServletRequest)
2022-08-05 15:41:40.091 [main] INFO  o.springframework.web.servlet.mvc.method.annotation.RequestMappingHandlerMapping - Mapped "{[/swagger-resources/configuration/security]}" onto org.springframework.http.ResponseEntity<springfox.documentation.swagger.web.SecurityConfiguration> springfox.documentation.swagger.web.ApiResourceController.securityConfiguration()
2022-08-05 15:41:40.092 [main] INFO  o.springframework.web.servlet.mvc.method.annotation.RequestMappingHandlerMapping - Mapped "{[/swagger-resources/configuration/ui]}" onto org.springframework.http.ResponseEntity<springfox.documentation.swagger.web.UiConfiguration> springfox.documentation.swagger.web.ApiResourceController.uiConfiguration()
2022-08-05 15:41:40.092 [main] INFO  o.springframework.web.servlet.mvc.method.annotation.RequestMappingHandlerMapping - Mapped "{[/swagger-resources]}" onto org.springframework.http.ResponseEntity<java.util.List<springfox.documentation.swagger.web.SwaggerResource>> springfox.documentation.swagger.web.ApiResourceController.swaggerResources()
2022-08-05 15:41:40.095 [main] INFO  o.springframework.web.servlet.mvc.method.annotation.RequestMappingHandlerMapping - Mapped "{[/error],produces=[text/html]}" onto public org.springframework.web.servlet.ModelAndView org.springframework.boot.autoconfigure.web.BasicErrorController.errorHtml(javax.servlet.http.HttpServletRequest,javax.servlet.http.HttpServletResponse)
2022-08-05 15:41:40.095 [main] INFO  o.springframework.web.servlet.mvc.method.annotation.RequestMappingHandlerMapping - Mapped "{[/error]}" onto public org.springframework.http.ResponseEntity<java.util.Map<java.lang.String, java.lang.Object>> org.springframework.boot.autoconfigure.web.BasicErrorController.error(javax.servlet.http.HttpServletRequest)
2022-08-05 15:41:40.254 [main] INFO  o.springframework.web.servlet.mvc.method.annotation.RequestMappingHandlerAdapter - Looking for @ControllerAdvice: org.springframework.boot.context.embedded.AnnotationConfigEmbeddedWebApplicationContext@36bc55de: startup date [Fri Aug 05 15:41:37 CST 2022]; root of context hierarchy
2022-08-05 15:41:40.436 [main] INFO  org.springframework.web.servlet.handler.SimpleUrlHandlerMapping - Mapped URL path [/webjars/**] onto handler of type [class org.springframework.web.servlet.resource.ResourceHttpRequestHandler]
2022-08-05 15:41:40.436 [main] INFO  org.springframework.web.servlet.handler.SimpleUrlHandlerMapping - Mapped URL path [/**] onto handler of type [class org.springframework.web.servlet.resource.ResourceHttpRequestHandler]
2022-08-05 15:41:40.467 [main] INFO  org.springframework.web.servlet.handler.SimpleUrlHandlerMapping - Mapped URL path [/**/favicon.ico] onto handler of type [class org.springframework.web.servlet.resource.ResourceHttpRequestHandler]
2022-08-05 15:41:40.648 [main] INFO  org.springframework.jmx.export.annotation.AnnotationMBeanExporter - Registering beans for JMX exposure on startup
2022-08-05 15:41:40.658 [main] INFO  org.springframework.context.support.DefaultLifecycleProcessor - Starting beans in phase 2147483647
2022-08-05 15:41:40.658 [main] INFO  springfox.documentation.spring.web.plugins.DocumentationPluginsBootstrapper - Context refreshed
2022-08-05 15:41:40.678 [main] INFO  springfox.documentation.spring.web.plugins.DocumentationPluginsBootstrapper - Found 1 custom documentation plugin(s)
2022-08-05 15:41:40.687 [main] INFO  springfox.documentation.spring.web.scanners.ApiListingReferenceScanner - Scanning for api listing references
2022-08-05 15:41:40.905 [main] INFO  org.springframework.boot.context.embedded.tomcat.TomcatEmbeddedServletContainer - Tomcat started on port(s): 8880 (http)
2022-08-05 15:41:40.910 [main] INFO  com.altis.Application - Started Application in 3.959 seconds (JVM running for 4.415)
2022-08-05 15:42:01.404 [http-nio-8880-exec-1] INFO  org.apache.catalina.core.ContainerBase.[Tomcat].[localhost].[/] - Initializing Spring FrameworkServlet 'dispatcherServlet'
2022-08-05 15:42:01.405 [http-nio-8880-exec-1] INFO  org.springframework.web.servlet.DispatcherServlet - FrameworkServlet 'dispatcherServlet': initialization started
2022-08-05 15:42:01.425 [http-nio-8880-exec-1] INFO  org.springframework.web.servlet.DispatcherServlet - FrameworkServlet 'dispatcherServlet': initialization completed in 20 ms
2022-08-05 15:42:15.399 [http-nio-8880-exec-3] INFO  com.altis.controller.UserManager - 查询到的结果是：1
2022-08-05 15:42:15.400 [http-nio-8880-exec-3] INFO  com.altis.controller.UserManager - 登陆的用户是：zhangsan
2022-08-05 15:42:15.457 [http-nio-8880-exec-2] INFO  com.altis.controller.UserManager - 查询到的结果是：0
2022-08-05 15:42:15.501 [http-nio-8880-exec-1] INFO  com.altis.controller.UserManager - cookie验证通过！
2022-08-05 15:42:15.555 [http-nio-8880-exec-1] INFO  com.altis.controller.UserManager - getUserInfo获取到的用户数量是：4
2022-08-05 15:42:15.626 [http-nio-8880-exec-4] INFO  com.altis.controller.UserManager - cookie验证通过！
2022-08-05 15:42:15.627 [http-nio-8880-exec-4] INFO  com.altis.controller.UserManager - getUserInfo获取到的用户数量是：1
2022-08-05 15:42:18.674 [http-nio-8880-exec-7] INFO  com.altis.controller.UserManager - cookie验证通过！
2022-08-05 15:42:18.679 [http-nio-8880-exec-7] INFO  com.altis.controller.UserManager - 更新数据的条数是：1
2022-08-05 15:42:21.724 [http-nio-8880-exec-10] INFO  com.altis.controller.UserManager - cookie验证通过！
2022-08-05 15:42:21.726 [http-nio-8880-exec-10] INFO  com.altis.controller.UserManager - 更新数据的条数是：1
2022-08-05 15:43:19.102 [Thread-3] INFO  o.s.boot.context.embedded.AnnotationConfigEmbeddedWebApplicationContext - Closing org.springframework.boot.context.embedded.AnnotationConfigEmbeddedWebApplicationContext@36bc55de: startup date [Fri Aug 05 15:41:37 CST 2022]; root of context hierarchy
2022-08-05 15:43:19.104 [Thread-3] INFO  org.springframework.context.support.DefaultLifecycleProcessor - Stopping beans in phase 2147483647
2022-08-05 15:43:19.106 [Thread-3] INFO  org.springframework.jmx.export.annotation.AnnotationMBeanExporter - Unregistering JMX-exposed beans on shutdown
